<?xml version="1.0" encoding="UTF-8"?>
<!-- Generated by org.testng.reporters.JUnitReportReporter -->
<testsuite hostname="DESKTOP-2H7M7CT" failures="0" tests="1" name="testScripts.Actitime_login" time="13.975" errors="0" timestamp="2023-04-27T19:28:29 MST" skipped="0">
  <testcase classname="testScripts.Actitime_login" name="actitime" time="13.975"/>
  <system-out/>
</testsuite> <!-- testScripts.Actitime_login -->
